<?xml version="1.0" encoding="UTF-8"?>
<!-- Generated by org.testng.reporters.JUnitReportReporter -->
<testsuite skipped="1" hostname="DESKTOP-LUMCGL2" name="runner.RunTest" tests="1" failures="0" timestamp="04 Sep 2018 08:44:36 GMT" time="82.502" errors="0">
  <testcase name="runScenario" time="82.502" classname="runner.RunTest">
    <skipped/>
  </testcase> <!-- runScenario -->
</testsuite> <!-- runner.RunTest -->
